# JRE version: OpenJDK Runtime Environment Temurin-21.0.8+9 (21.0.8+9) (build 21.0.8+9-LTS)
# Java VM: OpenJDK 64-Bit Server VM Temurin-21.0.8+9 (21.0.8+9-LTS, mixed mode, sharing, tiered, compressed oops, compressed class ptrs, parallel gc, windows-amd64)
GC Precious Log:
 CardTable entry size: 512
 CPUs: 12 total, 12 available
 Memory: 7893M
 Large Page Support: Disabled
 NUMA Support: Disabled
 Compressed Oops: Enabled (32-bit)
 Alignments: Space 512K, Generation 512K, Heap 2M
 Heap Min Capacity: 100M
 Heap Initial Capacity: 100M
 Heap Max Capacity: 2G
 Pre-touch: Disabled
 Parallel Workers: 10
Heap:
 PSYoungGen      total 11264K, used 9270K [0x00000000d5580000, 0x00000000d6400000, 0x0000000100000000)
  eden space 10752K, 81% used [0x00000000d5580000,0x00000000d5e0daa8,0x00000000d6000000)
  from space 512K, 100% used [0x00000000d6380000,0x00000000d6400000,0x00000000d6400000)
  to   space 1024K, 0% used [0x00000000d6200000,0x00000000d6200000,0x00000000d6300000)
 ParOldGen       total 1050624K, used 185383K [0x0000000080000000, 0x00000000c0200000, 0x00000000d5580000)
  object space 1050624K, 17% used [0x0000000080000000,0x000000008b509ef8,0x00000000c0200000)
 Metaspace       used 81343K, committed 83008K, reserved 1179648K
  class space    used 8427K, committed 9216K, reserved 1048576K
GC Heap History (20 events):
Event: 7881.621 GC heap before
{Heap before GC invocations=1867 (full 4):
 PSYoungGen      total 7680K, used 7474K [0x00000000d5580000, 0x00000000d5e80000, 0x0000000100000000)
  eden space 7168K, 98% used [0x00000000d5580000,0x00000000d5c6c9b0,0x00000000d5c80000)
  from space 512K, 75% used [0x00000000d5e00000,0x00000000d5e60000,0x00000000d5e80000)
  to   space 512K, 0% used [0x00000000d5d80000,0x00000000d5d80000,0x00000000d5e00000)
 ParOldGen       total 1050624K, used 182111K [0x0000000080000000, 0x00000000c0200000, 0x00000000d5580000)
  object space 1050624K, 17% used [0x0000000080000000,0x000000008b1d7db8,0x00000000c0200000)
 Metaspace       used 80286K, committed 82240K, reserved 1179648K
  class space    used 8328K, committed 9216K, reserved 1048576K
}
Event: 7881.622 GC heap after
{Heap after GC invocations=1867 (full 4):
 PSYoungGen      total 8704K, used 512K [0x00000000d5580000, 0x00000000d6000000, 0x0000000100000000)
  eden space 8192K, 0% used [0x00000000d5580000,0x00000000d5580000,0x00000000d5d80000)
  from space 512K, 100% used [0x00000000d5d80000,0x00000000d5e00000,0x00000000d5e00000)
  to   space 1024K, 0% used [0x00000000d5f00000,0x00000000d5f00000,0x00000000d6000000)
 ParOldGen       total 1050624K, used 182367K [0x0000000080000000, 0x00000000c0200000, 0x00000000d5580000)
  object space 1050624K, 17% used [0x0000000080000000,0x000000008b217db8,0x00000000c0200000)
 Metaspace       used 80286K, committed 82240K, reserved 1179648K
  class space    used 8328K, committed 9216K, reserved 1048576K
}
Event: 7881.627 GC heap before
{Heap before GC invocations=1868 (full 4):
 PSYoungGen      total 8704K, used 8704K [0x00000000d5580000, 0x00000000d6000000, 0x0000000100000000)
  eden space 8192K, 100% used [0x00000000d5580000,0x00000000d5d80000,0x00000000d5d80000)
  from space 512K, 100% used [0x00000000d5d80000,0x00000000d5e00000,0x00000000d5e00000)
  to   space 1024K, 0% used [0x00000000d5f00000,0x00000000d5f00000,0x00000000d6000000)
 ParOldGen       total 1050624K, used 182367K [0x0000000080000000, 0x00000000c0200000, 0x00000000d5580000)
  object space 1050624K, 17% used [0x0000000080000000,0x000000008b217db8,0x00000000c0200000)
 Metaspace       used 80286K, committed 82240K, reserved 1179648K
  class space    used 8328K, committed 9216K, reserved 1048576K
}
Event: 7881.629 GC heap after
{Heap after GC invocations=1868 (full 4):
 PSYoungGen      total 9728K, used 696K [0x00000000d5580000, 0x00000000d6180000, 0x0000000100000000)
  eden space 8704K, 0% used [0x00000000d5580000,0x00000000d5580000,0x00000000d5e00000)
  from space 1024K, 68% used [0x00000000d5f00000,0x00000000d5fae3b0,0x00000000d6000000)
  to   space 1024K, 0% used [0x00000000d5e00000,0x00000000d5e00000,0x00000000d5f00000)
 ParOldGen       total 1050624K, used 182759K [0x0000000080000000, 0x00000000c0200000, 0x00000000d5580000)
  object space 1050624K, 17% used [0x0000000080000000,0x000000008b279db8,0x00000000c0200000)
 Metaspace       used 80286K, committed 82240K, reserved 1179648K
  class space    used 8328K, committed 9216K, reserved 1048576K
}
Event: 7881.634 GC heap before
{Heap before GC invocations=1869 (full 4):
 PSYoungGen      total 9728K, used 9197K [0x00000000d5580000, 0x00000000d6180000, 0x0000000100000000)
  eden space 8704K, 97% used [0x00000000d5580000,0x00000000d5dcd360,0x00000000d5e00000)
  from space 1024K, 68% used [0x00000000d5f00000,0x00000000d5fae3b0,0x00000000d6000000)
  to   space 1024K, 0% used [0x00000000d5e00000,0x00000000d5e00000,0x00000000d5f00000)
 ParOldGen       total 1050624K, used 182759K [0x0000000080000000, 0x00000000c0200000, 0x00000000d5580000)
  object space 1050624K, 17% used [0x0000000080000000,0x000000008b279db8,0x00000000c0200000)
 Metaspace       used 80293K, committed 82240K, reserved 1179648K
  class space    used 8328K, committed 9216K, reserved 1048576K
}
Event: 7881.636 GC heap after
{Heap after GC invocations=1869 (full 4):
 PSYoungGen      total 9728K, used 608K [0x00000000d5580000, 0x00000000d6200000, 0x0000000100000000)
  eden space 8704K, 0% used [0x00000000d5580000,0x00000000d5580000,0x00000000d5e00000)
  from space 1024K, 59% used [0x00000000d5e00000,0x00000000d5e98000,0x00000000d5f00000)
  to   space 1024K, 0% used [0x00000000d6100000,0x00000000d6100000,0x00000000d6200000)
 ParOldGen       total 1050624K, used 183103K [0x0000000080000000, 0x00000000c0200000, 0x00000000d5580000)
  object space 1050624K, 17% used [0x0000000080000000,0x000000008b2cfef8,0x00000000c0200000)
 Metaspace       used 80293K, committed 82240K, reserved 1179648K
  class space    used 8328K, committed 9216K, reserved 1048576K
}
Event: 7881.641 GC heap before
{Heap before GC invocations=1870 (full 4):
 PSYoungGen      total 9728K, used 9180K [0x00000000d5580000, 0x00000000d6200000, 0x0000000100000000)
  eden space 8704K, 98% used [0x00000000d5580000,0x00000000d5ddf2d8,0x00000000d5e00000)
  from space 1024K, 59% used [0x00000000d5e00000,0x00000000d5e98000,0x00000000d5f00000)
  to   space 1024K, 0% used [0x00000000d6100000,0x00000000d6100000,0x00000000d6200000)
 ParOldGen       total 1050624K, used 183103K [0x0000000080000000, 0x00000000c0200000, 0x00000000d5580000)
  object space 1050624K, 17% used [0x0000000080000000,0x000000008b2cfef8,0x00000000c0200000)
 Metaspace       used 80293K, committed 82240K, reserved 1179648K
  class space    used 8328K, committed 9216K, reserved 1048576K
}
Event: 7881.642 GC heap after
{Heap after GC invocations=1870 (full 4):
 PSYoungGen      total 11776K, used 907K [0x00000000d5580000, 0x00000000d6200000, 0x0000000100000000)
  eden space 10752K, 0% used [0x00000000d5580000,0x00000000d5580000,0x00000000d6000000)
  from space 1024K, 88% used [0x00000000d6100000,0x00000000d61e2f38,0x00000000d6200000)
  to   space 1024K, 0% used [0x00000000d6000000,0x00000000d6000000,0x00000000d6100000)
 ParOldGen       total 1050624K, used 183535K [0x0000000080000000, 0x00000000c0200000, 0x00000000d5580000)
  object space 1050624K, 17% used [0x0000000080000000,0x000000008b33bef8,0x00000000c0200000)
 Metaspace       used 80293K, committed 82240K, reserved 1179648K
  class space    used 8328K, committed 9216K, reserved 1048576K
}
Event: 7881.652 GC heap before
{Heap before GC invocations=1871 (full 4):
 PSYoungGen      total 11776K, used 11659K [0x00000000d5580000, 0x00000000d6200000, 0x0000000100000000)
  eden space 10752K, 100% used [0x00000000d5580000,0x00000000d6000000,0x00000000d6000000)
  from space 1024K, 88% used [0x00000000d6100000,0x00000000d61e2f38,0x00000000d6200000)
  to   space 1024K, 0% used [0x00000000d6000000,0x00000000d6000000,0x00000000d6100000)
 ParOldGen       total 1050624K, used 183535K [0x0000000080000000, 0x00000000c0200000, 0x00000000d5580000)
  object space 1050624K, 17% used [0x0000000080000000,0x000000008b33bef8,0x00000000c0200000)
 Metaspace       used 80293K, committed 82240K, reserved 1179648K
  class space    used 8328K, committed 9216K, reserved 1048576K
}
Event: 7881.654 GC heap after
{Heap after GC invocations=1871 (full 4):
 PSYoungGen      total 11776K, used 384K [0x00000000d5580000, 0x00000000d6480000, 0x0000000100000000)
  eden space 10752K, 0% used [0x00000000d5580000,0x00000000d5580000,0x00000000d6000000)
  from space 1024K, 37% used [0x00000000d6000000,0x00000000d6060000,0x00000000d6100000)
  to   space 1024K, 0% used [0x00000000d6380000,0x00000000d6380000,0x00000000d6480000)
 ParOldGen       total 1050624K, used 184071K [0x0000000080000000, 0x00000000c0200000, 0x00000000d5580000)
  object space 1050624K, 17% used [0x0000000080000000,0x000000008b3c1ef8,0x00000000c0200000)
 Metaspace       used 80293K, committed 82240K, reserved 1179648K
  class space    used 8328K, committed 9216K, reserved 1048576K
}
Event: 7881.664 GC heap before
{Heap before GC invocations=1872 (full 4):
 PSYoungGen      total 11776K, used 11104K [0x00000000d5580000, 0x00000000d6480000, 0x0000000100000000)
  eden space 10752K, 99% used [0x00000000d5580000,0x00000000d5ff8000,0x00000000d6000000)
  from space 1024K, 37% used [0x00000000d6000000,0x00000000d6060000,0x00000000d6100000)
  to   space 1024K, 0% used [0x00000000d6380000,0x00000000d6380000,0x00000000d6480000)
 ParOldGen       total 1050624K, used 184071K [0x0000000080000000, 0x00000000c0200000, 0x00000000d5580000)
  object space 1050624K, 17% used [0x0000000080000000,0x000000008b3c1ef8,0x00000000c0200000)
 Metaspace       used 80297K, committed 82240K, reserved 1179648K
  class space    used 8328K, committed 9216K, reserved 1048576K
}
Event: 7881.665 GC heap after
{Heap after GC invocations=1872 (full 4):
 PSYoungGen      total 11264K, used 448K [0x00000000d5580000, 0x00000000d6400000, 0x0000000100000000)
  eden space 10752K, 0% used [0x00000000d5580000,0x00000000d5580000,0x00000000d6000000)
  from space 512K, 87% used [0x00000000d6380000,0x00000000d63f0000,0x00000000d6400000)
  to   space 512K, 0% used [0x00000000d6300000,0x00000000d6300000,0x00000000d6380000)
 ParOldGen       total 1050624K, used 184415K [0x0000000080000000, 0x00000000c0200000, 0x00000000d5580000)
  object space 1050624K, 17% used [0x0000000080000000,0x000000008b417ef8,0x00000000c0200000)
 Metaspace       used 80297K, committed 82240K, reserved 1179648K
  class space    used 8328K, committed 9216K, reserved 1048576K
}
Event: 7881.674 GC heap before
{Heap before GC invocations=1873 (full 4):
 PSYoungGen      total 11264K, used 11112K [0x00000000d5580000, 0x00000000d6400000, 0x0000000100000000)
  eden space 10752K, 99% used [0x00000000d5580000,0x00000000d5fea1a0,0x00000000d6000000)
  from space 512K, 87% used [0x00000000d6380000,0x00000000d63f0000,0x00000000d6400000)
  to   space 512K, 0% used [0x00000000d6300000,0x00000000d6300000,0x00000000d6380000)
 ParOldGen       total 1050624K, used 184415K [0x0000000080000000, 0x00000000c0200000, 0x00000000d5580000)
  object space 1050624K, 17% used [0x0000000080000000,0x000000008b417ef8,0x00000000c0200000)
 Metaspace       used 80297K, committed 82240K, reserved 1179648K
  class space    used 8328K, committed 9216K, reserved 1048576K
}
Event: 7881.676 GC heap after
{Heap after GC invocations=1873 (full 4):
 PSYoungGen      total 11264K, used 491K [0x00000000d5580000, 0x00000000d6400000, 0x0000000100000000)
  eden space 10752K, 0% used [0x00000000d5580000,0x00000000d5580000,0x00000000d6000000)
  from space 512K, 96% used [0x00000000d6300000,0x00000000d637af38,0x00000000d6380000)
  to   space 512K, 0% used [0x00000000d6380000,0x00000000d6380000,0x00000000d6400000)
 ParOldGen       total 1050624K, used 184679K [0x0000000080000000, 0x00000000c0200000, 0x00000000d5580000)
  object space 1050624K, 17% used [0x0000000080000000,0x000000008b459ef8,0x00000000c0200000)
 Metaspace       used 80297K, committed 82240K, reserved 1179648K
  class space    used 8328K, committed 9216K, reserved 1048576K
}
Event: 7881.684 GC heap before
{Heap before GC invocations=1874 (full 4):
 PSYoungGen      total 11264K, used 11243K [0x00000000d5580000, 0x00000000d6400000, 0x0000000100000000)
  eden space 10752K, 100% used [0x00000000d5580000,0x00000000d6000000,0x00000000d6000000)
  from space 512K, 96% used [0x00000000d6300000,0x00000000d637af38,0x00000000d6380000)
  to   space 512K, 0% used [0x00000000d6380000,0x00000000d6380000,0x00000000d6400000)
 ParOldGen       total 1050624K, used 184679K [0x0000000080000000, 0x00000000c0200000, 0x00000000d5580000)
  object space 1050624K, 17% used [0x0000000080000000,0x000000008b459ef8,0x00000000c0200000)
 Metaspace       used 80297K, committed 82240K, reserved 1179648K
  class space    used 8328K, committed 9216K, reserved 1048576K
}
Event: 7881.686 GC heap after
{Heap after GC invocations=1874 (full 4):
 PSYoungGen      total 11264K, used 448K [0x00000000d5580000, 0x00000000d6400000, 0x0000000100000000)
  eden space 10752K, 0% used [0x00000000d5580000,0x00000000d5580000,0x00000000d6000000)
  from space 512K, 87% used [0x00000000d6380000,0x00000000d63f0000,0x00000000d6400000)
  to   space 512K, 0% used [0x00000000d6300000,0x00000000d6300000,0x00000000d6380000)
 ParOldGen       total 1050624K, used 184791K [0x0000000080000000, 0x00000000c0200000, 0x00000000d5580000)
  object space 1050624K, 17% used [0x0000000080000000,0x000000008b475ef8,0x00000000c0200000)
 Metaspace       used 80297K, committed 82240K, reserved 1179648K
  class space    used 8328K, committed 9216K, reserved 1048576K
}
Event: 7881.748 GC heap before
{Heap before GC invocations=1875 (full 4):
 PSYoungGen      total 11264K, used 11200K [0x00000000d5580000, 0x00000000d6400000, 0x0000000100000000)
  eden space 10752K, 100% used [0x00000000d5580000,0x00000000d6000000,0x00000000d6000000)
  from space 512K, 87% used [0x00000000d6380000,0x00000000d63f0000,0x00000000d6400000)
  to   space 512K, 0% used [0x00000000d6300000,0x00000000d6300000,0x00000000d6380000)
 ParOldGen       total 1050624K, used 184791K [0x0000000080000000, 0x00000000c0200000, 0x00000000d5580000)
  object space 1050624K, 17% used [0x0000000080000000,0x000000008b475ef8,0x00000000c0200000)
 Metaspace       used 80324K, committed 82240K, reserved 1179648K
  class space    used 8331K, committed 9216K, reserved 1048576K
}
Event: 7881.750 GC heap after
{Heap after GC invocations=1875 (full 4):
 PSYoungGen      total 11264K, used 480K [0x00000000d5580000, 0x00000000d6400000, 0x0000000100000000)
  eden space 10752K, 0% used [0x00000000d5580000,0x00000000d5580000,0x00000000d6000000)
  from space 512K, 93% used [0x00000000d6300000,0x00000000d6378000,0x00000000d6380000)
  to   space 512K, 0% used [0x00000000d6380000,0x00000000d6380000,0x00000000d6400000)
 ParOldGen       total 1050624K, used 185079K [0x0000000080000000, 0x00000000c0200000, 0x00000000d5580000)
  object space 1050624K, 17% used [0x0000000080000000,0x000000008b4bdef8,0x00000000c0200000)
 Metaspace       used 80324K, committed 82240K, reserved 1179648K
  class space    used 8331K, committed 9216K, reserved 1048576K
}
Event: 7881.863 GC heap before
{Heap before GC invocations=1876 (full 4):
 PSYoungGen      total 11264K, used 11232K [0x00000000d5580000, 0x00000000d6400000, 0x0000000100000000)
  eden space 10752K, 100% used [0x00000000d5580000,0x00000000d6000000,0x00000000d6000000)
  from space 512K, 93% used [0x00000000d6300000,0x00000000d6378000,0x00000000d6380000)
  to   space 512K, 0% used [0x00000000d6380000,0x00000000d6380000,0x00000000d6400000)
 ParOldGen       total 1050624K, used 185079K [0x0000000080000000, 0x00000000c0200000, 0x00000000d5580000)
  object space 1050624K, 17% used [0x0000000080000000,0x000000008b4bdef8,0x00000000c0200000)
 Metaspace       used 81179K, committed 82816K, reserved 1179648K
  class space    used 8414K, committed 9216K, reserved 1048576K
}
Event: 7881.864 GC heap after
{Heap after GC invocations=1876 (full 4):
 PSYoungGen      total 11264K, used 512K [0x00000000d5580000, 0x00000000d6400000, 0x0000000100000000)
  eden space 10752K, 0% used [0x00000000d5580000,0x00000000d5580000,0x00000000d6000000)
  from space 512K, 100% used [0x00000000d6380000,0x00000000d6400000,0x00000000d6400000)
  to   space 1024K, 0% used [0x00000000d6200000,0x00000000d6200000,0x00000000d6300000)
 ParOldGen       total 1050624K, used 185383K [0x0000000080000000, 0x00000000c0200000, 0x00000000d5580000)
  object space 1050624K, 17% used [0x0000000080000000,0x000000008b509ef8,0x00000000c0200000)
 Metaspace       used 81179K, committed 82816K, reserved 1179648K
  class space    used 8414K, committed 9216K, reserved 1048576K
}

